C:\Users\admin\Desktop\KRBO-04-22\TRUE_lab_2_krbo_03_20\Logical\Global.typ
C:\Users\admin\Desktop\KRBO-04-22\TRUE_lab_2_krbo_03_20\Logical\Global.var
C:\Users\admin\Desktop\KRBO-04-22\TRUE_lab_2_krbo_03_20\Logical\Libraries\Runtime\runtime.fun
C:\Users\admin\Desktop\KRBO-04-22\TRUE_lab_2_krbo_03_20\Logical\Libraries\Runtime\runtime.typ
C:\Users\admin\Desktop\KRBO-04-22\TRUE_lab_2_krbo_03_20\Logical\Libraries\Runtime\runtime.var
C:\Users\admin\Desktop\KRBO-04-22\TRUE_lab_2_krbo_03_20\Logical\Libraries\Operator\operator.fun
C:\Users\admin\Desktop\KRBO-04-22\TRUE_lab_2_krbo_03_20\Logical\Libraries\Operator\operator.typ
C:\Users\admin\Desktop\KRBO-04-22\TRUE_lab_2_krbo_03_20\Logical\Libraries\Operator\operator.var
C:\Users\admin\Desktop\KRBO-04-22\TRUE_lab_2_krbo_03_20\Logical\Libraries\AsIecCon\AsIecCon.fun
C:\Users\admin\Desktop\KRBO-04-22\TRUE_lab_2_krbo_03_20\Logical\Libraries\AsIecCon\AsIecCon.typ
C:\Users\admin\Desktop\KRBO-04-22\TRUE_lab_2_krbo_03_20\Logical\Libraries\AsIecCon\AsIecCon.var
C:\Users\admin\Desktop\KRBO-04-22\TRUE_lab_2_krbo_03_20\Logical\Libraries\astime\astime.fun
C:\Users\admin\Desktop\KRBO-04-22\TRUE_lab_2_krbo_03_20\Logical\Libraries\astime\astime.typ
C:\Users\admin\Desktop\KRBO-04-22\TRUE_lab_2_krbo_03_20\Logical\Libraries\astime\astime.var
C:\Users\admin\Desktop\KRBO-04-22\TRUE_lab_2_krbo_03_20\Logical\Libraries\sys_lib\sys_lib.fun
C:\Users\admin\Desktop\KRBO-04-22\TRUE_lab_2_krbo_03_20\Logical\Libraries\sys_lib\sys_lib.typ
C:\Users\admin\Desktop\KRBO-04-22\TRUE_lab_2_krbo_03_20\Logical\Libraries\sys_lib\sys_lib.var
C:\Users\admin\Desktop\KRBO-04-22\TRUE_lab_2_krbo_03_20\Logical\Libraries\asstring\asstring.fun
C:\Users\admin\Desktop\KRBO-04-22\TRUE_lab_2_krbo_03_20\Logical\Libraries\asstring\asstring.typ
C:\Users\admin\Desktop\KRBO-04-22\TRUE_lab_2_krbo_03_20\Logical\Libraries\asstring\asstring.var
C:\Users\admin\Desktop\KRBO-04-22\TRUE_lab_2_krbo_03_20\Logical\Libraries\DriveLib\Constants.var
C:\Users\admin\Desktop\KRBO-04-22\TRUE_lab_2_krbo_03_20\Logical\Libraries\DriveLib\DriveLib.fun
C:\Users\admin\Desktop\KRBO-04-22\TRUE_lab_2_krbo_03_20\Logical\Libraries\DriveLib\Types.typ
